2018-12-23 00:20:51.451 INFO [restartedMain]c.c.springbootwebchat.SpringbootWebchatApplication.logStarting:50 -Starting SpringbootWebchatApplication on PC-201809081723 with PID 15728 (D:\SpringBoot-WebChat\target\classes started by Administrator in D:\SpringBoot-WebChat)
2018-12-23 00:20:51.451 INFO [restartedMain]c.c.springbootwebchat.SpringbootWebchatApplication.logStartupProfileInfo:680 -No active profile set, falling back to default profiles: default
2018-12-23 00:20:51.841 INFO [restartedMain]o.s.b.w.s.c.AnnotationConfigServletWebServerApplicationContext.prepareRefresh:590 -Refreshing org.springframework.boot.web.servlet.context.AnnotationConfigServletWebServerApplicationContext@63289989: startup date [Sun Dec 23 00:20:51 CST 2018]; root of context hierarchy
2018-12-23 00:21:06.702 INFO [restartedMain]o.s.c.s.PostProcessorRegistrationDelegate$BeanPostProcessorChecker.postProcessAfterInitialization:326 -Bean 'org.springframework.transaction.annotation.ProxyTransactionManagementConfiguration' of type [org.springframework.transaction.annotation.ProxyTransactionManagementConfiguration$$EnhancerBySpringCGLIB$$ee91f8ff] is not eligible for getting processed by all BeanPostProcessors (for example: not eligible for auto-proxying)
2018-12-23 00:21:06.780 INFO [restartedMain]o.s.c.s.PostProcessorRegistrationDelegate$BeanPostProcessorChecker.postProcessAfterInitialization:326 -Bean 'org.springframework.hateoas.config.HateoasConfiguration' of type [org.springframework.hateoas.config.HateoasConfiguration$$EnhancerBySpringCGLIB$$6e124631] is not eligible for getting processed by all BeanPostProcessors (for example: not eligible for auto-proxying)
2018-12-23 00:21:08.858 INFO [restartedMain]o.s.boot.web.embedded.tomcat.TomcatWebServer.initialize:91 -Tomcat initialized with port(s): 8085 (http)
2018-12-23 00:21:08.967 INFO [restartedMain]org.apache.coyote.http11.Http11NioProtocol.log:180 -Initializing ProtocolHandler ["http-nio-8085"]
2018-12-23 00:21:09.030 INFO [restartedMain]org.apache.catalina.core.StandardService.log:180 -Starting service [Tomcat]
2018-12-23 00:21:09.030 INFO [restartedMain]org.apache.catalina.core.StandardEngine.log:180 -Starting Servlet Engine: Apache Tomcat/8.5.34
2018-12-23 00:21:09.061 INFO [localhost-startStop-1]org.apache.catalina.core.AprLifecycleListener.log:180 -The APR based Apache Tomcat Native library which allows optimal performance in production environments was not found on the java.library.path: [C:\Program Files\Java\jdk1.8.0_144\jre\bin;C:\Windows\Sun\Java\bin;C:\Windows\system32;C:\Windows;C:\Windows\system32;C:\Windows;C:\Windows\System32\Wbem;C:\Windows\System32\WindowsPowerShell\v1.0\;C:\Program Files\MySQL\MySQL Server 5.5\bin;C:\Program Files\Git\cmd;C:\Users\Administrator\AppData\Local\Microsoft\WindowsApps;C:\Program Files\Java\jdk1.8.0_144\bin;D:\apache-maven-3.3.9\bin;.]
2018-12-23 00:21:09.376 INFO [localhost-startStop-1]o.a.catalina.core.ContainerBase.[Tomcat].[localhost].[/].log:180 -Initializing Spring embedded WebApplicationContext
2018-12-23 00:21:09.376 INFO [localhost-startStop-1]org.springframework.web.context.ContextLoader.prepareWebApplicationContext:285 -Root WebApplicationContext: initialization completed in 17535 ms
2018-12-23 00:21:09.579 INFO [localhost-startStop-1]o.s.boot.web.servlet.ServletRegistrationBean.addRegistration:187 -Servlet dispatcherServlet mapped to [/]
2018-12-23 00:21:09.594 INFO [localhost-startStop-1]o.s.boot.web.servlet.FilterRegistrationBean.configure:245 -Mapping filter: 'characterEncodingFilter' to: [/*]
2018-12-23 00:21:09.594 INFO [localhost-startStop-1]o.s.boot.web.servlet.FilterRegistrationBean.configure:245 -Mapping filter: 'hiddenHttpMethodFilter' to: [/*]
2018-12-23 00:21:09.594 INFO [localhost-startStop-1]o.s.boot.web.servlet.FilterRegistrationBean.configure:245 -Mapping filter: 'httpPutFormContentFilter' to: [/*]
2018-12-23 00:21:09.594 INFO [localhost-startStop-1]o.s.boot.web.servlet.FilterRegistrationBean.configure:245 -Mapping filter: 'requestContextFilter' to: [/*]
2018-12-23 00:21:26.377 INFO [restartedMain]o.s.web.servlet.handler.SimpleUrlHandlerMapping.registerHandler:373 -Mapped URL path [/**/favicon.ico] onto handler of type [class org.springframework.web.servlet.resource.ResourceHttpRequestHandler]
2018-12-23 00:21:26.595 INFO [restartedMain]o.s.w.s.m.method.annotation.RequestMappingHandlerAdapter.initControllerAdviceCache:588 -Looking for @ControllerAdvice: org.springframework.boot.web.servlet.context.AnnotationConfigServletWebServerApplicationContext@63289989: startup date [Sun Dec 23 00:20:51 CST 2018]; root of context hierarchy
2018-12-23 00:26:18.954 INFO [restartedMain]o.s.w.s.m.method.annotation.RequestMappingHandlerMapping.register:549 -Mapped "{[/admin/videoOrder/update],methods=[PUT]}" onto public com.coolchatting.springbootwebchat.domain.JsonData com.coolchatting.springbootwebchat.controller.admin.AdminController.updateVideoOrder(com.coolchatting.springbootwebchat.domain.VideoOrder)
2018-12-23 00:26:37.816 INFO [restartedMain]o.s.w.s.m.method.annotation.RequestMappingHandlerMapping.register:549 -Mapped "{[/api/video/getAllVideoInfo]}" onto public com.coolchatting.springbootwebchat.domain.JsonData com.coolchatting.springbootwebchat.controller.VideoController.getAllVideoInfo()
2018-12-23 00:33:27.289 INFO [restartedMain]o.s.w.s.m.method.annotation.RequestMappingHandlerMapping.register:549 -Mapped "{[/user/api/videoOrder/page]}" onto public com.coolchatting.springbootwebchat.domain.JsonData com.coolchatting.springbootwebchat.controller.VideoOrderInfoController.getVideoInfo(int,int)
2018-12-23 00:33:29.461 INFO [restartedMain]o.s.w.s.m.method.annotation.RequestMappingHandlerMapping.register:549 -Mapped "{[/user/api/videoOrder/saveOrderInfo]}" onto public void com.coolchatting.springbootwebchat.controller.VideoOrderInfoController.saveOrderInfo(java.lang.Integer,javax.servlet.http.HttpServletRequest,javax.servlet.http.HttpServletResponse)
2018-12-23 00:38:53.297 INFO [restartedMain]o.s.w.s.m.method.annotation.RequestMappingHandlerMapping.register:549 -Mapped "{[/api/webchat/getWebChatUrl]}" onto public com.coolchatting.springbootwebchat.domain.JsonData com.coolchatting.springbootwebchat.controller.WebChatController.getWebChatUrl(java.lang.String) throws java.io.UnsupportedEncodingException
2018-12-23 00:38:53.297 INFO [restartedMain]o.s.w.s.m.method.annotation.RequestMappingHandlerMapping.register:549 -Mapped "{[/api/webchat/saveWebchatUserInfo],methods=[GET]}" onto public void com.coolchatting.springbootwebchat.controller.WebChatController.saveWebchatUserInfo(java.lang.String,java.lang.String,javax.servlet.http.HttpServletResponse)
2018-12-23 00:38:56.672 INFO [restartedMain]o.s.w.s.m.method.annotation.RequestMappingHandlerMapping.register:549 -Mapped "{[/error]}" onto public org.springframework.http.ResponseEntity<java.util.Map<java.lang.String, java.lang.Object>> org.springframework.boot.autoconfigure.web.servlet.error.BasicErrorController.error(javax.servlet.http.HttpServletRequest)
2018-12-23 00:38:56.672 INFO [restartedMain]o.s.w.s.m.method.annotation.RequestMappingHandlerMapping.register:549 -Mapped "{[/error],produces=[text/html]}" onto public org.springframework.web.servlet.ModelAndView org.springframework.boot.autoconfigure.web.servlet.error.BasicErrorController.errorHtml(javax.servlet.http.HttpServletRequest,javax.servlet.http.HttpServletResponse)
2018-12-23 00:38:56.750 INFO [restartedMain]o.s.web.servlet.handler.SimpleUrlHandlerMapping.registerHandler:373 -Mapped URL path [/webjars/**] onto handler of type [class org.springframework.web.servlet.resource.ResourceHttpRequestHandler]
2018-12-23 00:38:56.750 INFO [restartedMain]o.s.web.servlet.handler.SimpleUrlHandlerMapping.registerHandler:373 -Mapped URL path [/**] onto handler of type [class org.springframework.web.servlet.resource.ResourceHttpRequestHandler]
2018-12-23 00:38:56.797 INFO [restartedMain]o.s.w.s.m.m.annotation.ExceptionHandlerExceptionResolver.initExceptionHandlerAdviceCache:288 -Detected @ExceptionHandler methods in globalExeceptionHandler
2018-12-23 00:38:57.719 INFO [restartedMain]o.s.boot.devtools.autoconfigure.OptionalLiveReloadServer.startServer:57 -LiveReload server is running on port 35729
2018-12-23 00:38:57.812 INFO [restartedMain]o.s.jmx.export.annotation.AnnotationMBeanExporter.afterSingletonsInstantiated:433 -Registering beans for JMX exposure on startup
2018-12-23 00:38:57.812 INFO [restartedMain]o.s.jmx.export.annotation.AnnotationMBeanExporter.autodetect:895 -Bean with name 'druidDataSource' has been autodetected for JMX exposure
2018-12-23 00:38:57.859 INFO [restartedMain]o.s.jmx.export.annotation.AnnotationMBeanExporter.registerBeanInstance:668 -Located MBean 'druidDataSource': registering with JMX server as MBean [com.alibaba.druid.pool:name=druidDataSource,type=DruidDataSource]
2018-12-23 00:38:57.922 INFO [restartedMain]org.apache.coyote.http11.Http11NioProtocol.log:180 -Starting ProtocolHandler ["http-nio-8085"]
2018-12-23 00:38:57.953 INFO [restartedMain]org.apache.tomcat.util.net.NioSelectorPool.log:180 -Using a shared selector for servlet write/read
2018-12-23 00:38:57.984 INFO [restartedMain]o.s.boot.web.embedded.tomcat.TomcatWebServer.start:206 -Tomcat started on port(s): 8085 (http) with context path ''
2018-12-23 00:38:57.984 INFO [restartedMain]c.c.springbootwebchat.SpringbootWebchatApplication.logStarted:59 -Started SpringbootWebchatApplication in 1089.395 seconds (JVM running for 1093.974)
