2018-10-21 00:00:00.042 INFO [main]o.s.web.context.support.GenericWebApplicationContext.prepareRefresh:590 -Refreshing org.springframework.web.context.support.GenericWebApplicationContext@3e0e1046: startup date [Sun Oct 21 00:00:00 CST 2018]; root of context hierarchy
2018-10-21 00:00:06.356 INFO [main]o.s.c.s.PostProcessorRegistrationDelegate$BeanPostProcessorChecker.postProcessAfterInitialization:326 -Bean 'org.springframework.transaction.annotation.ProxyTransactionManagementConfiguration' of type [org.springframework.transaction.annotation.ProxyTransactionManagementConfiguration$$EnhancerBySpringCGLIB$$2289209f] is not eligible for getting processed by all BeanPostProcessors (for example: not eligible for auto-proxying)
2018-10-21 00:00:08.192 INFO [main]o.s.c.s.PostProcessorRegistrationDelegate$BeanPostProcessorChecker.postProcessAfterInitialization:326 -Bean 'org.springframework.hateoas.config.HateoasConfiguration' of type [org.springframework.hateoas.config.HateoasConfiguration$$EnhancerBySpringCGLIB$$a2096dd1] is not eligible for getting processed by all BeanPostProcessors (for example: not eligible for auto-proxying)
2018-10-21 00:00:11.519 INFO [main]o.s.w.s.m.method.annotation.RequestMappingHandlerMapping.register:549 -Mapped "{[/admin/videoOrder/update],methods=[PUT]}" onto public com.coolchatting.springbootwebchat.domain.JsonData com.coolchatting.springbootwebchat.controller.admin.AdminController.updateVideoOrder(com.coolchatting.springbootwebchat.domain.VideoOrder)
2018-10-21 00:00:11.524 INFO [main]o.s.w.s.m.method.annotation.RequestMappingHandlerMapping.register:549 -Mapped "{[/api/video/getAllVideoInfo]}" onto public com.coolchatting.springbootwebchat.domain.JsonData com.coolchatting.springbootwebchat.controller.VideoController.getAllVideoInfo()
2018-10-21 00:00:11.530 INFO [main]o.s.w.s.m.method.annotation.RequestMappingHandlerMapping.register:549 -Mapped "{[/user/api/videoOrder/saveOrderInfo]}" onto public void com.coolchatting.springbootwebchat.controller.VideoOrderInfoController.saveOrderInfo(java.lang.Integer,javax.servlet.http.HttpServletRequest,javax.servlet.http.HttpServletResponse)
2018-10-21 00:00:11.531 INFO [main]o.s.w.s.m.method.annotation.RequestMappingHandlerMapping.register:549 -Mapped "{[/user/api/videoOrder/page]}" onto public com.coolchatting.springbootwebchat.domain.JsonData com.coolchatting.springbootwebchat.controller.VideoOrderInfoController.getVideoInfo(int,int)
2018-10-21 00:00:11.551 INFO [main]o.s.w.s.m.method.annotation.RequestMappingHandlerMapping.register:549 -Mapped "{[/api/webchat/saveWebchatUserInfo],methods=[GET]}" onto public void com.coolchatting.springbootwebchat.controller.WebChatController.saveWebchatUserInfo(java.lang.String,java.lang.String,javax.servlet.http.HttpServletResponse)
2018-10-21 00:00:11.557 INFO [main]o.s.w.s.m.method.annotation.RequestMappingHandlerMapping.register:549 -Mapped "{[/api/webchat/getWebChatUrl]}" onto public com.coolchatting.springbootwebchat.domain.JsonData com.coolchatting.springbootwebchat.controller.WebChatController.getWebChatUrl(java.lang.String) throws java.io.UnsupportedEncodingException
2018-10-21 00:00:11.561 INFO [main]o.s.w.s.m.method.annotation.RequestMappingHandlerMapping.register:549 -Mapped "{[/v2/api-docs],methods=[GET]}" onto public org.springframework.http.ResponseEntity<springfox.documentation.spring.web.json.Json> springfox.documentation.swagger2.web.Swagger2Controller.getDocumentation(java.lang.String)
2018-10-21 00:00:11.581 INFO [main]o.s.w.s.m.method.annotation.RequestMappingHandlerMapping.register:549 -Mapped "{[/configuration/security]}" onto org.springframework.http.ResponseEntity<springfox.documentation.swagger.web.SecurityConfiguration> springfox.documentation.swagger.web.ApiResourceController.securityConfiguration()
2018-10-21 00:00:11.582 INFO [main]o.s.w.s.m.method.annotation.RequestMappingHandlerMapping.register:549 -Mapped "{[/configuration/ui]}" onto org.springframework.http.ResponseEntity<springfox.documentation.swagger.web.UiConfiguration> springfox.documentation.swagger.web.ApiResourceController.uiConfiguration()
2018-10-21 00:00:11.585 INFO [main]o.s.w.s.m.method.annotation.RequestMappingHandlerMapping.register:549 -Mapped "{[/swagger-resources]}" onto org.springframework.http.ResponseEntity<java.util.List<springfox.documentation.swagger.web.SwaggerResource>> springfox.documentation.swagger.web.ApiResourceController.swaggerResources()
2018-10-21 00:00:11.607 INFO [main]o.s.w.s.m.method.annotation.RequestMappingHandlerMapping.register:549 -Mapped "{[/error]}" onto public org.springframework.http.ResponseEntity<java.util.Map<java.lang.String, java.lang.Object>> org.springframework.boot.autoconfigure.web.servlet.error.BasicErrorController.error(javax.servlet.http.HttpServletRequest)
2018-10-21 00:00:11.610 INFO [main]o.s.w.s.m.method.annotation.RequestMappingHandlerMapping.register:549 -Mapped "{[/error],produces=[text/html]}" onto public org.springframework.web.servlet.ModelAndView org.springframework.boot.autoconfigure.web.servlet.error.BasicErrorController.errorHtml(javax.servlet.http.HttpServletRequest,javax.servlet.http.HttpServletResponse)
2018-10-21 00:00:30.023 INFO [main]c.c.springbootwebchat.mapper.VideoOrderDaoTest.logStarting:50 -Starting VideoOrderDaoTest on PC-201809081723 with PID 584 (started by Administrator in D:\SpringBoot-WebChat)
2018-10-21 00:00:30.027 INFO [main]c.c.springbootwebchat.mapper.VideoOrderDaoTest.logStartupProfileInfo:680 -No active profile set, falling back to default profiles: default
2018-10-21 00:00:30.237 INFO [main]o.s.web.context.support.GenericWebApplicationContext.prepareRefresh:590 -Refreshing org.springframework.web.context.support.GenericWebApplicationContext@3e0e1046: startup date [Sun Oct 21 00:00:30 CST 2018]; root of context hierarchy
2018-10-21 00:00:33.855 INFO [main]o.s.c.s.PostProcessorRegistrationDelegate$BeanPostProcessorChecker.postProcessAfterInitialization:326 -Bean 'org.springframework.transaction.annotation.ProxyTransactionManagementConfiguration' of type [org.springframework.transaction.annotation.ProxyTransactionManagementConfiguration$$EnhancerBySpringCGLIB$$b6d3269f] is not eligible for getting processed by all BeanPostProcessors (for example: not eligible for auto-proxying)
2018-10-21 00:00:34.111 INFO [main]o.s.c.s.PostProcessorRegistrationDelegate$BeanPostProcessorChecker.postProcessAfterInitialization:326 -Bean 'org.springframework.hateoas.config.HateoasConfiguration' of type [org.springframework.hateoas.config.HateoasConfiguration$$EnhancerBySpringCGLIB$$365373d1] is not eligible for getting processed by all BeanPostProcessors (for example: not eligible for auto-proxying)
2018-10-21 00:00:36.441 INFO [main]o.s.w.s.m.method.annotation.RequestMappingHandlerMapping.register:549 -Mapped "{[/admin/videoOrder/update],methods=[PUT]}" onto public com.coolchatting.springbootwebchat.domain.JsonData com.coolchatting.springbootwebchat.controller.admin.AdminController.updateVideoOrder(com.coolchatting.springbootwebchat.domain.VideoOrder)
2018-10-21 00:00:36.444 INFO [main]o.s.w.s.m.method.annotation.RequestMappingHandlerMapping.register:549 -Mapped "{[/api/video/getAllVideoInfo]}" onto public com.coolchatting.springbootwebchat.domain.JsonData com.coolchatting.springbootwebchat.controller.VideoController.getAllVideoInfo()
2018-10-21 00:00:36.446 INFO [main]o.s.w.s.m.method.annotation.RequestMappingHandlerMapping.register:549 -Mapped "{[/user/api/videoOrder/page]}" onto public com.coolchatting.springbootwebchat.domain.JsonData com.coolchatting.springbootwebchat.controller.VideoOrderInfoController.getVideoInfo(int,int)
2018-10-21 00:00:36.448 INFO [main]o.s.w.s.m.method.annotation.RequestMappingHandlerMapping.register:549 -Mapped "{[/user/api/videoOrder/saveOrderInfo]}" onto public void com.coolchatting.springbootwebchat.controller.VideoOrderInfoController.saveOrderInfo(java.lang.Integer,javax.servlet.http.HttpServletRequest,javax.servlet.http.HttpServletResponse)
2018-10-21 00:00:36.455 INFO [main]o.s.w.s.m.method.annotation.RequestMappingHandlerMapping.register:549 -Mapped "{[/api/webchat/getWebChatUrl]}" onto public com.coolchatting.springbootwebchat.domain.JsonData com.coolchatting.springbootwebchat.controller.WebChatController.getWebChatUrl(java.lang.String) throws java.io.UnsupportedEncodingException
2018-10-21 00:00:36.457 INFO [main]o.s.w.s.m.method.annotation.RequestMappingHandlerMapping.register:549 -Mapped "{[/api/webchat/saveWebchatUserInfo],methods=[GET]}" onto public void com.coolchatting.springbootwebchat.controller.WebChatController.saveWebchatUserInfo(java.lang.String,java.lang.String,javax.servlet.http.HttpServletResponse)
2018-10-21 00:00:36.460 INFO [main]o.s.w.s.m.method.annotation.RequestMappingHandlerMapping.register:549 -Mapped "{[/v2/api-docs],methods=[GET]}" onto public org.springframework.http.ResponseEntity<springfox.documentation.spring.web.json.Json> springfox.documentation.swagger2.web.Swagger2Controller.getDocumentation(java.lang.String)
2018-10-21 00:00:36.468 INFO [main]o.s.w.s.m.method.annotation.RequestMappingHandlerMapping.register:549 -Mapped "{[/configuration/security]}" onto org.springframework.http.ResponseEntity<springfox.documentation.swagger.web.SecurityConfiguration> springfox.documentation.swagger.web.ApiResourceController.securityConfiguration()
2018-10-21 00:00:36.470 INFO [main]o.s.w.s.m.method.annotation.RequestMappingHandlerMapping.register:549 -Mapped "{[/swagger-resources]}" onto org.springframework.http.ResponseEntity<java.util.List<springfox.documentation.swagger.web.SwaggerResource>> springfox.documentation.swagger.web.ApiResourceController.swaggerResources()
2018-10-21 00:00:36.471 INFO [main]o.s.w.s.m.method.annotation.RequestMappingHandlerMapping.register:549 -Mapped "{[/configuration/ui]}" onto org.springframework.http.ResponseEntity<springfox.documentation.swagger.web.UiConfiguration> springfox.documentation.swagger.web.ApiResourceController.uiConfiguration()
2018-10-21 00:00:36.485 INFO [main]o.s.w.s.m.method.annotation.RequestMappingHandlerMapping.register:549 -Mapped "{[/error]}" onto public org.springframework.http.ResponseEntity<java.util.Map<java.lang.String, java.lang.Object>> org.springframework.boot.autoconfigure.web.servlet.error.BasicErrorController.error(javax.servlet.http.HttpServletRequest)
2018-10-21 00:00:36.488 INFO [main]o.s.w.s.m.method.annotation.RequestMappingHandlerMapping.register:549 -Mapped "{[/error],produces=[text/html]}" onto public org.springframework.web.servlet.ModelAndView org.springframework.boot.autoconfigure.web.servlet.error.BasicErrorController.errorHtml(javax.servlet.http.HttpServletRequest,javax.servlet.http.HttpServletResponse)
2018-10-21 00:00:37.403 INFO [main]o.s.web.servlet.handler.SimpleUrlHandlerMapping.registerHandler:373 -Mapped URL path [/**/favicon.ico] onto handler of type [class org.springframework.web.servlet.resource.ResourceHttpRequestHandler]
2018-10-21 00:00:37.579 INFO [main]o.s.w.s.m.method.annotation.RequestMappingHandlerAdapter.initControllerAdviceCache:588 -Looking for @ControllerAdvice: org.springframework.web.context.support.GenericWebApplicationContext@3e0e1046: startup date [Sun Oct 21 00:00:30 CST 2018]; root of context hierarchy
2018-10-21 00:00:37.724 INFO [main]o.s.web.servlet.handler.SimpleUrlHandlerMapping.registerHandler:373 -Mapped URL path [/webjars/**] onto handler of type [class org.springframework.web.servlet.resource.ResourceHttpRequestHandler]
2018-10-21 00:00:37.726 INFO [main]o.s.web.servlet.handler.SimpleUrlHandlerMapping.registerHandler:373 -Mapped URL path [/**] onto handler of type [class org.springframework.web.servlet.resource.ResourceHttpRequestHandler]
2018-10-21 00:00:37.757 INFO [main]o.s.w.s.m.m.annotation.ExceptionHandlerExceptionResolver.initExceptionHandlerAdviceCache:288 -Detected @ExceptionHandler methods in globalExeceptionHandler
2018-10-21 00:00:38.419 INFO [main]s.d.spring.web.plugins.DocumentationPluginsBootstrapper.onApplicationEvent:80 -Context refreshed
2018-10-21 00:00:38.462 INFO [main]s.d.spring.web.plugins.DocumentationPluginsBootstrapper.onApplicationEvent:83 -Found {0} custom documentation plugin(s)
2018-10-21 00:00:38.481 INFO [main]s.d.spring.web.scanners.ApiListingReferenceScanner.scan:53 -Scanning for api listing references
2018-10-21 00:00:38.488 INFO [main]s.d.swagger.web.ClassOrApiAnnotationResourceGrouping.apply:100 -Group for method updateVideoOrder was admin-controller
2018-10-21 00:00:38.491 INFO [main]s.d.spring.web.scanners.ApiListingReferenceScanner.scan:72 -Request mapping: updateVideoOrder belongs to groups: [[ResourceGroup{groupName='admin-controller', position=0, controller=com.coolchatting.springbootwebchat.controller.admin.AdminController}]] 
2018-10-21 00:00:38.493 INFO [main]s.d.swagger.web.ClassOrApiAnnotationResourceGrouping.apply:100 -Group for method getAllVideoInfo was video-controller
2018-10-21 00:00:38.494 INFO [main]s.d.spring.web.scanners.ApiListingReferenceScanner.scan:72 -Request mapping: getAllVideoInfo belongs to groups: [[ResourceGroup{groupName='video-controller', position=0, controller=com.coolchatting.springbootwebchat.controller.VideoController}]] 
2018-10-21 00:00:38.498 INFO [main]s.d.swagger.web.ClassOrApiAnnotationResourceGrouping.apply:100 -Group for method getWebChatUrl was 与微信相关的接口
2018-10-21 00:00:38.498 INFO [main]s.d.spring.web.scanners.ApiListingReferenceScanner.scan:72 -Request mapping: getWebChatUrl belongs to groups: [[ResourceGroup{groupName='与微信相关的接口', position=0, controller=com.coolchatting.springbootwebchat.controller.WebChatController}]] 
2018-10-21 00:00:38.499 INFO [main]s.d.swagger.web.ClassOrApiAnnotationResourceGrouping.apply:100 -Group for method saveWebchatUserInfo was 与微信相关的接口
2018-10-21 00:00:38.500 INFO [main]s.d.spring.web.scanners.ApiListingReferenceScanner.scan:72 -Request mapping: saveWebchatUserInfo belongs to groups: [[ResourceGroup{groupName='与微信相关的接口', position=0, controller=com.coolchatting.springbootwebchat.controller.WebChatController}]] 
2018-10-21 00:00:38.501 INFO [main]s.d.swagger.web.ClassOrApiAnnotationResourceGrouping.apply:100 -Group for method error was basic-error-controller
2018-10-21 00:00:38.502 INFO [main]s.d.spring.web.scanners.ApiListingReferenceScanner.scan:72 -Request mapping: error belongs to groups: [[ResourceGroup{groupName='basic-error-controller', position=0, controller=org.springframework.boot.autoconfigure.web.servlet.error.BasicErrorController}]] 
2018-10-21 00:00:38.503 INFO [main]s.d.swagger.web.ClassOrApiAnnotationResourceGrouping.apply:100 -Group for method errorHtml was basic-error-controller
2018-10-21 00:00:38.504 INFO [main]s.d.spring.web.scanners.ApiListingReferenceScanner.scan:72 -Request mapping: errorHtml belongs to groups: [[ResourceGroup{groupName='basic-error-controller', position=0, controller=org.springframework.boot.autoconfigure.web.servlet.error.BasicErrorController}]] 
2018-10-21 00:00:38.505 INFO [main]s.d.swagger.web.ClassOrApiAnnotationResourceGrouping.apply:100 -Group for method getVideoInfo was video-order-info-controller
2018-10-21 00:00:38.506 INFO [main]s.d.spring.web.scanners.ApiListingReferenceScanner.scan:72 -Request mapping: getVideoInfo belongs to groups: [[ResourceGroup{groupName='video-order-info-controller', position=0, controller=com.coolchatting.springbootwebchat.controller.VideoOrderInfoController}]] 
2018-10-21 00:00:38.514 INFO [main]s.d.swagger.web.ClassOrApiAnnotationResourceGrouping.apply:100 -Group for method saveOrderInfo was video-order-info-controller
2018-10-21 00:00:38.515 INFO [main]s.d.spring.web.scanners.ApiListingReferenceScanner.scan:72 -Request mapping: saveOrderInfo belongs to groups: [[ResourceGroup{groupName='video-order-info-controller', position=0, controller=com.coolchatting.springbootwebchat.controller.VideoOrderInfoController}]] 
2018-10-21 00:00:38.537 INFO [main]s.d.spring.web.scanners.ApiListingReferenceScanner.scan:84 -Created resource listing Path: /default/video-controller Description: video-controller Position: 0
2018-10-21 00:00:38.541 INFO [main]s.d.spring.web.scanners.ApiListingReferenceScanner.scan:84 -Created resource listing Path: /default/video-order-info-controller Description: video-order-info-controller Position: 0
2018-10-21 00:00:38.544 INFO [main]s.d.spring.web.scanners.ApiListingReferenceScanner.scan:84 -Created resource listing Path: /default/admin-controller Description: admin-controller Position: 0
2018-10-21 00:00:38.545 INFO [main]s.d.spring.web.scanners.ApiListingReferenceScanner.scan:84 -Created resource listing Path: /default/与微信相关的接口 Description: 与微信相关的接口 Position: 0
2018-10-21 00:00:38.548 INFO [main]s.d.spring.web.scanners.ApiListingReferenceScanner.scan:84 -Created resource listing Path: /default/basic-error-controller Description: basic-error-controller Position: 0
2018-10-21 00:00:38.749 INFO [main]springfox.documentation.schema.ModelContextKeyGenerator.generate:46 -Cache Key Generated: com.coolchatting.springbootwebchat.domain.VideoOrder(false)
2018-10-21 00:00:38.750 INFO [main]springfox.documentation.spring.web.caching.CachingAspect.modelsAndDependencies:79 -Caching aspect applied for cache models with key com.coolchatting.springbootwebchat.domain.VideoOrder(false)
2018-10-21 00:00:38.764 INFO [main]s.d.schema.property.ModelPropertiesKeyGenerator.generate:48 -Cache key generated: com.coolchatting.springbootwebchat.domain.VideoOrder(false)
2018-10-21 00:00:38.764 INFO [main]springfox.documentation.spring.web.caching.CachingAspect.operationsAndProperties:68 -Caching aspect applied for cache modelProperties with key com.coolchatting.springbootwebchat.domain.VideoOrder(false)
2018-10-21 00:00:38.849 INFO [main]springfox.documentation.schema.ModelContextKeyGenerator.generate:46 -Cache Key Generated: com.coolchatting.springbootwebchat.domain.VideoOrder(false)
2018-10-21 00:00:38.849 INFO [main]springfox.documentation.spring.web.caching.CachingAspect.modelsAndDependencies:79 -Caching aspect applied for cache modelDependencies with key com.coolchatting.springbootwebchat.domain.VideoOrder(false)
2018-10-21 00:00:38.856 INFO [main]s.d.schema.property.ModelPropertiesKeyGenerator.generate:48 -Cache key generated: com.coolchatting.springbootwebchat.domain.VideoOrder(false)
2018-10-21 00:00:38.856 INFO [main]springfox.documentation.spring.web.caching.CachingAspect.operationsAndProperties:68 -Caching aspect applied for cache modelProperties with key com.coolchatting.springbootwebchat.domain.VideoOrder(false)
2018-10-21 00:00:38.859 INFO [main]springfox.documentation.schema.ModelContextKeyGenerator.generate:46 -Cache Key Generated: com.coolchatting.springbootwebchat.domain.JsonData(true)
2018-10-21 00:00:38.860 INFO [main]springfox.documentation.spring.web.caching.CachingAspect.modelsAndDependencies:79 -Caching aspect applied for cache models with key com.coolchatting.springbootwebchat.domain.JsonData(true)
2018-10-21 00:00:38.860 INFO [main]s.d.schema.property.ModelPropertiesKeyGenerator.generate:48 -Cache key generated: com.coolchatting.springbootwebchat.domain.JsonData(true)
2018-10-21 00:00:38.861 INFO [main]springfox.documentation.spring.web.caching.CachingAspect.operationsAndProperties:68 -Caching aspect applied for cache modelProperties with key com.coolchatting.springbootwebchat.domain.JsonData(true)
2018-10-21 00:00:38.864 INFO [main]springfox.documentation.schema.ModelContextKeyGenerator.generate:46 -Cache Key Generated: com.coolchatting.springbootwebchat.domain.JsonData(true)
2018-10-21 00:00:38.865 INFO [main]springfox.documentation.spring.web.caching.CachingAspect.modelsAndDependencies:79 -Caching aspect applied for cache modelDependencies with key com.coolchatting.springbootwebchat.domain.JsonData(true)
2018-10-21 00:00:38.866 INFO [main]s.d.schema.property.ModelPropertiesKeyGenerator.generate:48 -Cache key generated: com.coolchatting.springbootwebchat.domain.JsonData(true)
2018-10-21 00:00:38.867 INFO [main]springfox.documentation.spring.web.caching.CachingAspect.operationsAndProperties:68 -Caching aspect applied for cache modelProperties with key com.coolchatting.springbootwebchat.domain.JsonData(true)
2018-10-21 00:00:38.870 INFO [main]s.documentation.spring.web.OperationsKeyGenerator.generate:51 -Cache key generated: /admin/videoOrder/update.com.coolchatting.springbootwebchat.controller.admin.AdminController.updateVideoOrder.DefaultGenericTypeNamingStrategy
2018-10-21 00:00:38.870 INFO [main]springfox.documentation.spring.web.caching.CachingAspect.operationsAndProperties:68 -Caching aspect applied for cache operations with key /admin/videoOrder/update.com.coolchatting.springbootwebchat.controller.admin.AdminController.updateVideoOrder.DefaultGenericTypeNamingStrategy
2018-10-21 00:00:38.894 INFO [main]s.d.swagger.web.ClassOrApiAnnotationResourceGrouping.apply:100 -Group for method updateVideoOrder was admin-controller
2018-10-21 00:00:38.900 INFO [main]s.d.swagger.web.ClassOrApiAnnotationResourceGrouping.apply:100 -Group for method updateVideoOrder was admin-controller
2018-10-21 00:00:38.939 INFO [main]springfox.documentation.schema.ModelContextKeyGenerator.generate:46 -Cache Key Generated: java.util.Map<java.lang.String,java.lang.Object>(true)
2018-10-21 00:00:38.940 INFO [main]springfox.documentation.spring.web.caching.CachingAspect.modelsAndDependencies:79 -Caching aspect applied for cache models with key java.util.Map<java.lang.String,java.lang.Object>(true)
2018-10-21 00:00:38.940 INFO [main]springfox.documentation.schema.ModelContextKeyGenerator.generate:46 -Cache Key Generated: java.util.Map<java.lang.String,java.lang.Object>(true)
2018-10-21 00:00:38.941 INFO [main]springfox.documentation.spring.web.caching.CachingAspect.modelsAndDependencies:79 -Caching aspect applied for cache modelDependencies with key java.util.Map<java.lang.String,java.lang.Object>(true)
2018-10-21 00:00:38.942 INFO [main]s.documentation.spring.web.OperationsKeyGenerator.generate:51 -Cache key generated: /error.org.springframework.boot.autoconfigure.web.servlet.error.BasicErrorController.error.DefaultGenericTypeNamingStrategy
2018-10-21 00:00:38.942 INFO [main]springfox.documentation.spring.web.caching.CachingAspect.operationsAndProperties:68 -Caching aspect applied for cache operations with key /error.org.springframework.boot.autoconfigure.web.servlet.error.BasicErrorController.error.DefaultGenericTypeNamingStrategy
2018-10-21 00:00:38.944 INFO [main]s.d.swagger.web.ClassOrApiAnnotationResourceGrouping.apply:100 -Group for method error was basic-error-controller
2018-10-21 00:00:38.947 INFO [main]s.d.swagger.web.ClassOrApiAnnotationResourceGrouping.apply:100 -Group for method error was basic-error-controller
2018-10-21 00:00:38.949 INFO [main]s.d.swagger.web.ClassOrApiAnnotationResourceGrouping.apply:100 -Group for method error was basic-error-controller
2018-10-21 00:00:38.951 INFO [main]s.d.swagger.web.ClassOrApiAnnotationResourceGrouping.apply:100 -Group for method error was basic-error-controller
2018-10-21 00:00:38.954 INFO [main]s.d.swagger.web.ClassOrApiAnnotationResourceGrouping.apply:100 -Group for method error was basic-error-controller
2018-10-21 00:00:38.956 INFO [main]s.d.swagger.web.ClassOrApiAnnotationResourceGrouping.apply:100 -Group for method error was basic-error-controller
2018-10-21 00:00:38.958 INFO [main]s.d.swagger.web.ClassOrApiAnnotationResourceGrouping.apply:100 -Group for method error was basic-error-controller
2018-10-21 00:00:38.960 INFO [main]s.d.swagger.web.ClassOrApiAnnotationResourceGrouping.apply:100 -Group for method error was basic-error-controller
2018-10-21 00:00:38.962 INFO [main]s.d.swagger.web.ClassOrApiAnnotationResourceGrouping.apply:100 -Group for method error was basic-error-controller
2018-10-21 00:00:38.964 INFO [main]s.d.swagger.web.ClassOrApiAnnotationResourceGrouping.apply:100 -Group for method error was basic-error-controller
2018-10-21 00:00:38.966 INFO [main]s.d.swagger.web.ClassOrApiAnnotationResourceGrouping.apply:100 -Group for method error was basic-error-controller
2018-10-21 00:00:38.969 INFO [main]s.d.swagger.web.ClassOrApiAnnotationResourceGrouping.apply:100 -Group for method error was basic-error-controller
2018-10-21 00:00:38.972 INFO [main]s.d.swagger.web.ClassOrApiAnnotationResourceGrouping.apply:100 -Group for method error was basic-error-controller
2018-10-21 00:00:38.979 INFO [main]s.d.swagger.web.ClassOrApiAnnotationResourceGrouping.apply:100 -Group for method error was basic-error-controller
2018-10-21 00:00:38.981 INFO [main]s.d.swagger.web.ClassOrApiAnnotationResourceGrouping.apply:100 -Group for method error was basic-error-controller
2018-10-21 00:00:38.992 INFO [main]s.d.swagger.web.ClassOrApiAnnotationResourceGrouping.apply:100 -Group for method error was basic-error-controller
2018-10-21 00:00:38.998 INFO [main]springfox.documentation.schema.ModelContextKeyGenerator.generate:46 -Cache Key Generated: org.springframework.web.servlet.ModelAndView(true)
2018-10-21 00:00:38.999 INFO [main]springfox.documentation.spring.web.caching.CachingAspect.modelsAndDependencies:79 -Caching aspect applied for cache models with key org.springframework.web.servlet.ModelAndView(true)
2018-10-21 00:00:38.999 INFO [main]s.d.schema.property.ModelPropertiesKeyGenerator.generate:48 -Cache key generated: org.springframework.web.servlet.ModelAndView(true)
2018-10-21 00:00:39.000 INFO [main]springfox.documentation.spring.web.caching.CachingAspect.operationsAndProperties:68 -Caching aspect applied for cache modelProperties with key org.springframework.web.servlet.ModelAndView(true)
2018-10-21 00:00:39.015 INFO [main]springfox.documentation.schema.ModelContextKeyGenerator.generate:46 -Cache Key Generated: org.springframework.web.servlet.ModelAndView(true)
2018-10-21 00:00:39.019 INFO [main]springfox.documentation.spring.web.caching.CachingAspect.modelsAndDependencies:79 -Caching aspect applied for cache modelDependencies with key org.springframework.web.servlet.ModelAndView(true)
2018-10-21 00:00:39.021 INFO [main]s.d.schema.property.ModelPropertiesKeyGenerator.generate:48 -Cache key generated: org.springframework.web.servlet.ModelAndView(true)
2018-10-21 00:00:39.022 INFO [main]springfox.documentation.spring.web.caching.CachingAspect.operationsAndProperties:68 -Caching aspect applied for cache modelProperties with key org.springframework.web.servlet.ModelAndView(true)
2018-10-21 00:00:39.023 INFO [main]s.d.schema.property.ModelPropertiesKeyGenerator.generate:48 -Cache key generated: org.springframework.web.servlet.View(true)
2018-10-21 00:00:39.024 INFO [main]springfox.documentation.spring.web.caching.CachingAspect.operationsAndProperties:68 -Caching aspect applied for cache modelProperties with key org.springframework.web.servlet.View(true)
2018-10-21 00:00:39.033 INFO [main]s.d.schema.property.ModelPropertiesKeyGenerator.generate:48 -Cache key generated: org.springframework.web.servlet.View(true)
2018-10-21 00:00:39.033 INFO [main]springfox.documentation.spring.web.caching.CachingAspect.operationsAndProperties:68 -Caching aspect applied for cache modelProperties with key org.springframework.web.servlet.View(true)
2018-10-21 00:00:39.035 INFO [main]s.documentation.spring.web.OperationsKeyGenerator.generate:51 -Cache key generated: /error.org.springframework.boot.autoconfigure.web.servlet.error.BasicErrorController.errorHtml.DefaultGenericTypeNamingStrategy
2018-10-21 00:00:39.035 INFO [main]springfox.documentation.spring.web.caching.CachingAspect.operationsAndProperties:68 -Caching aspect applied for cache operations with key /error.org.springframework.boot.autoconfigure.web.servlet.error.BasicErrorController.errorHtml.DefaultGenericTypeNamingStrategy
2018-10-21 00:00:39.040 INFO [main]s.d.swagger.web.ClassOrApiAnnotationResourceGrouping.apply:100 -Group for method errorHtml was basic-error-controller
2018-10-21 00:00:39.042 INFO [main]s.d.swagger.web.ClassOrApiAnnotationResourceGrouping.apply:100 -Group for method errorHtml was basic-error-controller
2018-10-21 00:00:39.044 INFO [main]s.d.swagger.web.ClassOrApiAnnotationResourceGrouping.apply:100 -Group for method errorHtml was basic-error-controller
2018-10-21 00:00:39.046 INFO [main]s.d.swagger.web.ClassOrApiAnnotationResourceGrouping.apply:100 -Group for method errorHtml was basic-error-controller
2018-10-21 00:00:39.055 INFO [main]s.d.swagger.web.ClassOrApiAnnotationResourceGrouping.apply:100 -Group for method errorHtml was basic-error-controller
2018-10-21 00:00:39.057 INFO [main]s.d.swagger.web.ClassOrApiAnnotationResourceGrouping.apply:100 -Group for method errorHtml was basic-error-controller
2018-10-21 00:00:39.060 INFO [main]s.d.swagger.web.ClassOrApiAnnotationResourceGrouping.apply:100 -Group for method errorHtml was basic-error-controller
2018-10-21 00:00:39.068 INFO [main]s.d.swagger.web.ClassOrApiAnnotationResourceGrouping.apply:100 -Group for method errorHtml was basic-error-controller
2018-10-21 00:00:39.070 INFO [main]s.d.swagger.web.ClassOrApiAnnotationResourceGrouping.apply:100 -Group for method errorHtml was basic-error-controller
2018-10-21 00:00:39.071 INFO [main]s.d.swagger.web.ClassOrApiAnnotationResourceGrouping.apply:100 -Group for method errorHtml was basic-error-controller
2018-10-21 00:00:39.076 INFO [main]s.d.swagger.web.ClassOrApiAnnotationResourceGrouping.apply:100 -Group for method errorHtml was basic-error-controller
2018-10-21 00:00:39.079 INFO [main]s.d.swagger.web.ClassOrApiAnnotationResourceGrouping.apply:100 -Group for method errorHtml was basic-error-controller
2018-10-21 00:00:39.082 INFO [main]s.d.swagger.web.ClassOrApiAnnotationResourceGrouping.apply:100 -Group for method errorHtml was basic-error-controller
2018-10-21 00:00:39.084 INFO [main]s.d.swagger.web.ClassOrApiAnnotationResourceGrouping.apply:100 -Group for method errorHtml was basic-error-controller
2018-10-21 00:00:39.094 INFO [main]s.d.swagger.web.ClassOrApiAnnotationResourceGrouping.apply:100 -Group for method errorHtml was basic-error-controller
2018-10-21 00:00:39.096 INFO [main]s.d.swagger.web.ClassOrApiAnnotationResourceGrouping.apply:100 -Group for method errorHtml was basic-error-controller
2018-10-21 00:00:39.101 INFO [main]springfox.documentation.schema.ModelContextKeyGenerator.generate:46 -Cache Key Generated: com.coolchatting.springbootwebchat.domain.JsonData(true)
2018-10-21 00:00:39.102 INFO [main]springfox.documentation.spring.web.caching.CachingAspect.modelsAndDependencies:79 -Caching aspect applied for cache models with key com.coolchatting.springbootwebchat.domain.JsonData(true)
2018-10-21 00:00:39.102 INFO [main]springfox.documentation.schema.ModelContextKeyGenerator.generate:46 -Cache Key Generated: com.coolchatting.springbootwebchat.domain.JsonData(true)
2018-10-21 00:00:39.103 INFO [main]springfox.documentation.spring.web.caching.CachingAspect.modelsAndDependencies:79 -Caching aspect applied for cache modelDependencies with key com.coolchatting.springbootwebchat.domain.JsonData(true)
2018-10-21 00:00:39.104 INFO [main]s.documentation.spring.web.OperationsKeyGenerator.generate:51 -Cache key generated: /api/video/getAllVideoInfo.com.coolchatting.springbootwebchat.controller.VideoController.getAllVideoInfo.DefaultGenericTypeNamingStrategy
2018-10-21 00:00:39.104 INFO [main]springfox.documentation.spring.web.caching.CachingAspect.operationsAndProperties:68 -Caching aspect applied for cache operations with key /api/video/getAllVideoInfo.com.coolchatting.springbootwebchat.controller.VideoController.getAllVideoInfo.DefaultGenericTypeNamingStrategy
2018-10-21 00:00:39.105 INFO [main]s.d.swagger.web.ClassOrApiAnnotationResourceGrouping.apply:100 -Group for method getAllVideoInfo was video-controller
2018-10-21 00:00:39.108 INFO [main]s.d.swagger.web.ClassOrApiAnnotationResourceGrouping.apply:100 -Group for method getAllVideoInfo was video-controller
2018-10-21 00:00:39.109 INFO [main]s.d.swagger.web.ClassOrApiAnnotationResourceGrouping.apply:100 -Group for method getAllVideoInfo was video-controller
2018-10-21 00:00:39.111 INFO [main]s.d.swagger.web.ClassOrApiAnnotationResourceGrouping.apply:100 -Group for method getAllVideoInfo was video-controller
2018-10-21 00:00:39.113 INFO [main]s.d.swagger.web.ClassOrApiAnnotationResourceGrouping.apply:100 -Group for method getAllVideoInfo was video-controller
2018-10-21 00:00:39.116 INFO [main]s.d.swagger.web.ClassOrApiAnnotationResourceGrouping.apply:100 -Group for method getAllVideoInfo was video-controller
2018-10-21 00:00:39.117 INFO [main]s.d.swagger.web.ClassOrApiAnnotationResourceGrouping.apply:100 -Group for method getAllVideoInfo was video-controller
2018-10-21 00:00:39.119 INFO [main]s.d.swagger.web.ClassOrApiAnnotationResourceGrouping.apply:100 -Group for method getAllVideoInfo was video-controller
2018-10-21 00:00:39.120 INFO [main]s.d.swagger.web.ClassOrApiAnnotationResourceGrouping.apply:100 -Group for method getAllVideoInfo was video-controller
2018-10-21 00:00:39.121 INFO [main]s.d.swagger.web.ClassOrApiAnnotationResourceGrouping.apply:100 -Group for method getAllVideoInfo was video-controller
2018-10-21 00:00:39.123 INFO [main]s.d.swagger.web.ClassOrApiAnnotationResourceGrouping.apply:100 -Group for method getAllVideoInfo was video-controller
2018-10-21 00:00:39.124 INFO [main]s.d.swagger.web.ClassOrApiAnnotationResourceGrouping.apply:100 -Group for method getAllVideoInfo was video-controller
2018-10-21 00:00:39.126 INFO [main]s.d.swagger.web.ClassOrApiAnnotationResourceGrouping.apply:100 -Group for method getAllVideoInfo was video-controller
2018-10-21 00:00:39.130 INFO [main]s.d.swagger.web.ClassOrApiAnnotationResourceGrouping.apply:100 -Group for method getAllVideoInfo was video-controller
2018-10-21 00:00:39.132 INFO [main]s.d.swagger.web.ClassOrApiAnnotationResourceGrouping.apply:100 -Group for method getAllVideoInfo was video-controller
2018-10-21 00:00:39.133 INFO [main]s.d.swagger.web.ClassOrApiAnnotationResourceGrouping.apply:100 -Group for method getAllVideoInfo was video-controller
2018-10-21 00:00:39.139 INFO [main]springfox.documentation.schema.ModelContextKeyGenerator.generate:46 -Cache Key Generated: com.coolchatting.springbootwebchat.domain.JsonData(true)
2018-10-21 00:00:39.139 INFO [main]springfox.documentation.spring.web.caching.CachingAspect.modelsAndDependencies:79 -Caching aspect applied for cache models with key com.coolchatting.springbootwebchat.domain.JsonData(true)
2018-10-21 00:00:39.140 INFO [main]springfox.documentation.schema.ModelContextKeyGenerator.generate:46 -Cache Key Generated: com.coolchatting.springbootwebchat.domain.JsonData(true)
2018-10-21 00:00:39.142 INFO [main]springfox.documentation.spring.web.caching.CachingAspect.modelsAndDependencies:79 -Caching aspect applied for cache modelDependencies with key com.coolchatting.springbootwebchat.domain.JsonData(true)
2018-10-21 00:00:39.143 INFO [main]s.documentation.spring.web.OperationsKeyGenerator.generate:51 -Cache key generated: /user/api/videoOrder/page.com.coolchatting.springbootwebchat.controller.VideoOrderInfoController.getVideoInfo.DefaultGenericTypeNamingStrategy
2018-10-21 00:00:39.143 INFO [main]springfox.documentation.spring.web.caching.CachingAspect.operationsAndProperties:68 -Caching aspect applied for cache operations with key /user/api/videoOrder/page.com.coolchatting.springbootwebchat.controller.VideoOrderInfoController.getVideoInfo.DefaultGenericTypeNamingStrategy
2018-10-21 00:00:39.152 INFO [main]s.d.swagger.web.ClassOrApiAnnotationResourceGrouping.apply:100 -Group for method getVideoInfo was video-order-info-controller
2018-10-21 00:00:39.156 INFO [main]s.d.swagger.web.ClassOrApiAnnotationResourceGrouping.apply:100 -Group for method getVideoInfo was video-order-info-controller
2018-10-21 00:00:39.163 INFO [main]s.d.swagger.web.ClassOrApiAnnotationResourceGrouping.apply:100 -Group for method getVideoInfo was video-order-info-controller
2018-10-21 00:00:39.167 INFO [main]s.d.swagger.web.ClassOrApiAnnotationResourceGrouping.apply:100 -Group for method getVideoInfo was video-order-info-controller
2018-10-21 00:00:39.172 INFO [main]s.d.swagger.web.ClassOrApiAnnotationResourceGrouping.apply:100 -Group for method getVideoInfo was video-order-info-controller
2018-10-21 00:00:39.175 INFO [main]s.d.swagger.web.ClassOrApiAnnotationResourceGrouping.apply:100 -Group for method getVideoInfo was video-order-info-controller
2018-10-21 00:00:39.181 INFO [main]s.d.swagger.web.ClassOrApiAnnotationResourceGrouping.apply:100 -Group for method getVideoInfo was video-order-info-controller
2018-10-21 00:00:39.183 INFO [main]s.d.swagger.web.ClassOrApiAnnotationResourceGrouping.apply:100 -Group for method getVideoInfo was video-order-info-controller
2018-10-21 00:00:39.188 INFO [main]s.d.swagger.web.ClassOrApiAnnotationResourceGrouping.apply:100 -Group for method getVideoInfo was video-order-info-controller
2018-10-21 00:00:39.191 INFO [main]s.d.swagger.web.ClassOrApiAnnotationResourceGrouping.apply:100 -Group for method getVideoInfo was video-order-info-controller
2018-10-21 00:00:39.200 INFO [main]s.d.swagger.web.ClassOrApiAnnotationResourceGrouping.apply:100 -Group for method getVideoInfo was video-order-info-controller
2018-10-21 00:00:39.202 INFO [main]s.d.swagger.web.ClassOrApiAnnotationResourceGrouping.apply:100 -Group for method getVideoInfo was video-order-info-controller
2018-10-21 00:00:39.209 INFO [main]s.d.swagger.web.ClassOrApiAnnotationResourceGrouping.apply:100 -Group for method getVideoInfo was video-order-info-controller
2018-10-21 00:00:39.211 INFO [main]s.d.swagger.web.ClassOrApiAnnotationResourceGrouping.apply:100 -Group for method getVideoInfo was video-order-info-controller
2018-10-21 00:00:39.218 INFO [main]s.d.swagger.web.ClassOrApiAnnotationResourceGrouping.apply:100 -Group for method getVideoInfo was video-order-info-controller
2018-10-21 00:00:39.221 INFO [main]s.d.swagger.web.ClassOrApiAnnotationResourceGrouping.apply:100 -Group for method getVideoInfo was video-order-info-controller
2018-10-21 00:00:39.226 INFO [main]springfox.documentation.schema.ModelContextKeyGenerator.generate:46 -Cache Key Generated: java.lang.Void(true)
2018-10-21 00:00:39.227 INFO [main]springfox.documentation.spring.web.caching.CachingAspect.modelsAndDependencies:79 -Caching aspect applied for cache models with key java.lang.Void(true)
2018-10-21 00:00:39.228 INFO [main]springfox.documentation.schema.ModelContextKeyGenerator.generate:46 -Cache Key Generated: java.lang.Void(true)
2018-10-21 00:00:39.228 INFO [main]springfox.documentation.spring.web.caching.CachingAspect.modelsAndDependencies:79 -Caching aspect applied for cache modelDependencies with key java.lang.Void(true)
2018-10-21 00:00:39.232 INFO [main]s.documentation.spring.web.OperationsKeyGenerator.generate:51 -Cache key generated: /user/api/videoOrder/saveOrderInfo.com.coolchatting.springbootwebchat.controller.VideoOrderInfoController.saveOrderInfo.DefaultGenericTypeNamingStrategy
2018-10-21 00:00:39.233 INFO [main]springfox.documentation.spring.web.caching.CachingAspect.operationsAndProperties:68 -Caching aspect applied for cache operations with key /user/api/videoOrder/saveOrderInfo.com.coolchatting.springbootwebchat.controller.VideoOrderInfoController.saveOrderInfo.DefaultGenericTypeNamingStrategy
2018-10-21 00:00:39.238 INFO [main]s.d.swagger.web.ClassOrApiAnnotationResourceGrouping.apply:100 -Group for method saveOrderInfo was video-order-info-controller
2018-10-21 00:00:39.242 INFO [main]s.d.swagger.web.ClassOrApiAnnotationResourceGrouping.apply:100 -Group for method saveOrderInfo was video-order-info-controller
2018-10-21 00:00:39.260 INFO [main]s.d.swagger.web.ClassOrApiAnnotationResourceGrouping.apply:100 -Group for method saveOrderInfo was video-order-info-controller
2018-10-21 00:00:39.262 INFO [main]s.d.swagger.web.ClassOrApiAnnotationResourceGrouping.apply:100 -Group for method saveOrderInfo was video-order-info-controller
2018-10-21 00:00:39.268 INFO [main]s.d.swagger.web.ClassOrApiAnnotationResourceGrouping.apply:100 -Group for method saveOrderInfo was video-order-info-controller
2018-10-21 00:00:39.271 INFO [main]s.d.swagger.web.ClassOrApiAnnotationResourceGrouping.apply:100 -Group for method saveOrderInfo was video-order-info-controller
2018-10-21 00:00:39.276 INFO [main]s.d.swagger.web.ClassOrApiAnnotationResourceGrouping.apply:100 -Group for method saveOrderInfo was video-order-info-controller
2018-10-21 00:00:39.277 INFO [main]s.d.swagger.web.ClassOrApiAnnotationResourceGrouping.apply:100 -Group for method saveOrderInfo was video-order-info-controller
2018-10-21 00:00:39.284 INFO [main]s.d.swagger.web.ClassOrApiAnnotationResourceGrouping.apply:100 -Group for method saveOrderInfo was video-order-info-controller
2018-10-21 00:00:39.286 INFO [main]s.d.swagger.web.ClassOrApiAnnotationResourceGrouping.apply:100 -Group for method saveOrderInfo was video-order-info-controller
2018-10-21 00:00:39.290 INFO [main]s.d.swagger.web.ClassOrApiAnnotationResourceGrouping.apply:100 -Group for method saveOrderInfo was video-order-info-controller
2018-10-21 00:00:39.294 INFO [main]s.d.swagger.web.ClassOrApiAnnotationResourceGrouping.apply:100 -Group for method saveOrderInfo was video-order-info-controller
2018-10-21 00:00:39.301 INFO [main]s.d.swagger.web.ClassOrApiAnnotationResourceGrouping.apply:100 -Group for method saveOrderInfo was video-order-info-controller
2018-10-21 00:00:39.302 INFO [main]s.d.swagger.web.ClassOrApiAnnotationResourceGrouping.apply:100 -Group for method saveOrderInfo was video-order-info-controller
2018-10-21 00:00:39.307 INFO [main]s.d.swagger.web.ClassOrApiAnnotationResourceGrouping.apply:100 -Group for method saveOrderInfo was video-order-info-controller
2018-10-21 00:00:39.310 INFO [main]s.d.swagger.web.ClassOrApiAnnotationResourceGrouping.apply:100 -Group for method saveOrderInfo was video-order-info-controller
2018-10-21 00:00:39.315 INFO [main]springfox.documentation.schema.ModelContextKeyGenerator.generate:46 -Cache Key Generated: com.coolchatting.springbootwebchat.domain.JsonData(true)
2018-10-21 00:00:39.316 INFO [main]springfox.documentation.spring.web.caching.CachingAspect.modelsAndDependencies:79 -Caching aspect applied for cache models with key com.coolchatting.springbootwebchat.domain.JsonData(true)
2018-10-21 00:00:39.318 INFO [main]springfox.documentation.schema.ModelContextKeyGenerator.generate:46 -Cache Key Generated: com.coolchatting.springbootwebchat.domain.JsonData(true)
2018-10-21 00:00:39.319 INFO [main]springfox.documentation.spring.web.caching.CachingAspect.modelsAndDependencies:79 -Caching aspect applied for cache modelDependencies with key com.coolchatting.springbootwebchat.domain.JsonData(true)
2018-10-21 00:00:39.319 INFO [main]s.documentation.spring.web.OperationsKeyGenerator.generate:51 -Cache key generated: /api/webchat/getWebChatUrl.com.coolchatting.springbootwebchat.controller.WebChatController.getWebChatUrl.DefaultGenericTypeNamingStrategy
2018-10-21 00:00:39.320 INFO [main]springfox.documentation.spring.web.caching.CachingAspect.operationsAndProperties:68 -Caching aspect applied for cache operations with key /api/webchat/getWebChatUrl.com.coolchatting.springbootwebchat.controller.WebChatController.getWebChatUrl.DefaultGenericTypeNamingStrategy
2018-10-21 00:00:39.322 INFO [main]s.d.swagger.web.ClassOrApiAnnotationResourceGrouping.apply:100 -Group for method getWebChatUrl was 与微信相关的接口
2018-10-21 00:00:39.327 INFO [main]s.d.swagger.web.ClassOrApiAnnotationResourceGrouping.apply:100 -Group for method getWebChatUrl was 与微信相关的接口
2018-10-21 00:00:39.335 INFO [main]s.d.swagger.web.ClassOrApiAnnotationResourceGrouping.apply:100 -Group for method getWebChatUrl was 与微信相关的接口
2018-10-21 00:00:39.337 INFO [main]s.d.swagger.web.ClassOrApiAnnotationResourceGrouping.apply:100 -Group for method getWebChatUrl was 与微信相关的接口
2018-10-21 00:00:39.340 INFO [main]s.d.swagger.web.ClassOrApiAnnotationResourceGrouping.apply:100 -Group for method getWebChatUrl was 与微信相关的接口
2018-10-21 00:00:39.342 INFO [main]s.d.swagger.web.ClassOrApiAnnotationResourceGrouping.apply:100 -Group for method getWebChatUrl was 与微信相关的接口
2018-10-21 00:00:39.346 INFO [main]s.d.swagger.web.ClassOrApiAnnotationResourceGrouping.apply:100 -Group for method getWebChatUrl was 与微信相关的接口
2018-10-21 00:00:39.349 INFO [main]s.d.swagger.web.ClassOrApiAnnotationResourceGrouping.apply:100 -Group for method getWebChatUrl was 与微信相关的接口
2018-10-21 00:00:39.352 INFO [main]s.d.swagger.web.ClassOrApiAnnotationResourceGrouping.apply:100 -Group for method getWebChatUrl was 与微信相关的接口
2018-10-21 00:00:39.353 INFO [main]s.d.swagger.web.ClassOrApiAnnotationResourceGrouping.apply:100 -Group for method getWebChatUrl was 与微信相关的接口
2018-10-21 00:00:39.356 INFO [main]s.d.swagger.web.ClassOrApiAnnotationResourceGrouping.apply:100 -Group for method getWebChatUrl was 与微信相关的接口
2018-10-21 00:00:39.358 INFO [main]s.d.swagger.web.ClassOrApiAnnotationResourceGrouping.apply:100 -Group for method getWebChatUrl was 与微信相关的接口
2018-10-21 00:00:39.361 INFO [main]s.d.swagger.web.ClassOrApiAnnotationResourceGrouping.apply:100 -Group for method getWebChatUrl was 与微信相关的接口
2018-10-21 00:00:39.363 INFO [main]s.d.swagger.web.ClassOrApiAnnotationResourceGrouping.apply:100 -Group for method getWebChatUrl was 与微信相关的接口
2018-10-21 00:00:39.366 INFO [main]s.d.swagger.web.ClassOrApiAnnotationResourceGrouping.apply:100 -Group for method getWebChatUrl was 与微信相关的接口
2018-10-21 00:00:39.368 INFO [main]s.d.swagger.web.ClassOrApiAnnotationResourceGrouping.apply:100 -Group for method getWebChatUrl was 与微信相关的接口
2018-10-21 00:00:39.371 INFO [main]springfox.documentation.schema.ModelContextKeyGenerator.generate:46 -Cache Key Generated: java.lang.Void(true)
2018-10-21 00:00:39.371 INFO [main]springfox.documentation.spring.web.caching.CachingAspect.modelsAndDependencies:79 -Caching aspect applied for cache models with key java.lang.Void(true)
2018-10-21 00:00:39.372 INFO [main]springfox.documentation.schema.ModelContextKeyGenerator.generate:46 -Cache Key Generated: java.lang.Void(true)
2018-10-21 00:00:39.372 INFO [main]springfox.documentation.spring.web.caching.CachingAspect.modelsAndDependencies:79 -Caching aspect applied for cache modelDependencies with key java.lang.Void(true)
2018-10-21 00:00:39.373 INFO [main]s.documentation.spring.web.OperationsKeyGenerator.generate:51 -Cache key generated: /api/webchat/saveWebchatUserInfo.com.coolchatting.springbootwebchat.controller.WebChatController.saveWebchatUserInfo.DefaultGenericTypeNamingStrategy
2018-10-21 00:00:39.374 INFO [main]springfox.documentation.spring.web.caching.CachingAspect.operationsAndProperties:68 -Caching aspect applied for cache operations with key /api/webchat/saveWebchatUserInfo.com.coolchatting.springbootwebchat.controller.WebChatController.saveWebchatUserInfo.DefaultGenericTypeNamingStrategy
2018-10-21 00:00:39.378 INFO [main]s.d.swagger.web.ClassOrApiAnnotationResourceGrouping.apply:100 -Group for method saveWebchatUserInfo was 与微信相关的接口
2018-10-21 00:00:39.379 INFO [main]s.d.swagger.web.ClassOrApiAnnotationResourceGrouping.apply:100 -Group for method saveWebchatUserInfo was 与微信相关的接口
2018-10-21 00:00:39.405 INFO [main]c.c.springbootwebchat.mapper.VideoOrderDaoTest.logStarted:59 -Started VideoOrderDaoTest in 10.926 seconds (JVM running for 13.132)
2018-10-21 00:00:41.024 INFO [main]com.alibaba.druid.pool.DruidDataSource.info:106 -{dataSource-1} inited
2018-10-21 00:00:41.105 INFO [main]c.c.springbootwebchat.mapper.VideoOrderDaoTest.insertVideoOrder:33 -============插入成功========
2018-10-21 00:00:41.139 INFO [Thread-3]o.s.web.context.support.GenericWebApplicationContext.doClose:993 -Closing org.springframework.web.context.support.GenericWebApplicationContext@3e0e1046: startup date [Sun Oct 21 00:00:30 CST 2018]; root of context hierarchy
2018-10-21 00:00:41.214 INFO [Thread-3]com.alibaba.druid.pool.DruidDataSource.info:106 -{dataSource-1} closed
