2019-01-05 16:33:39.850 INFO [restartedMain]c.c.springbootwebchat.SpringbootWebchatApplication.logStarting:50 -Starting SpringbootWebchatApplication on PC-201809081723 with PID 2804 (D:\SpringBoot-WebChat\target\classes started by Administrator in D:\SpringBoot-WebChat)
2019-01-05 16:33:39.850 INFO [restartedMain]c.c.springbootwebchat.SpringbootWebchatApplication.logStartupProfileInfo:680 -No active profile set, falling back to default profiles: default
2019-01-05 16:33:40.225 INFO [restartedMain]o.s.b.w.s.c.AnnotationConfigServletWebServerApplicationContext.prepareRefresh:590 -Refreshing org.springframework.boot.web.servlet.context.AnnotationConfigServletWebServerApplicationContext@3783889d: startup date [Sat Jan 05 16:33:40 CST 2019]; root of context hierarchy
2019-01-05 16:34:04.478 INFO [restartedMain]o.s.boot.web.embedded.tomcat.TomcatWebServer.initialize:91 -Tomcat initialized with port(s): 8085 (http)
2019-01-05 16:34:04.759 INFO [restartedMain]org.apache.coyote.http11.Http11NioProtocol.log:180 -Initializing ProtocolHandler ["http-nio-8085"]
2019-01-05 16:34:04.868 INFO [restartedMain]org.apache.catalina.core.StandardService.log:180 -Starting service [Tomcat]
2019-01-05 16:34:04.884 INFO [restartedMain]org.apache.catalina.core.StandardEngine.log:180 -Starting Servlet Engine: Apache Tomcat/8.5.34
2019-01-05 16:34:04.915 INFO [localhost-startStop-1]org.apache.catalina.core.AprLifecycleListener.log:180 -The APR based Apache Tomcat Native library which allows optimal performance in production environments was not found on the java.library.path: [C:\Program Files\Java\jdk1.8.0_144\jre\bin;C:\Windows\Sun\Java\bin;C:\Windows\system32;C:\Windows;C:\Windows\system32;C:\Windows;C:\Windows\System32\Wbem;C:\Windows\System32\WindowsPowerShell\v1.0\;C:\Program Files\MySQL\MySQL Server 5.5\bin;C:\Program Files\Git\cmd;C:\Users\Administrator\AppData\Local\Microsoft\WindowsApps;C:\Program Files\Java\jdk1.8.0_144\bin;D:\apache-maven-3.3.9\bin;.]
2019-01-05 16:34:05.571 INFO [localhost-startStop-1]o.a.catalina.core.ContainerBase.[Tomcat].[localhost].[/].log:180 -Initializing Spring embedded WebApplicationContext
2019-01-05 16:34:05.571 INFO [localhost-startStop-1]org.springframework.web.context.ContextLoader.prepareWebApplicationContext:285 -Root WebApplicationContext: initialization completed in 25346 ms
2019-01-05 16:34:05.774 INFO [localhost-startStop-1]o.s.boot.web.servlet.ServletRegistrationBean.addRegistration:187 -Servlet dispatcherServlet mapped to [/]
2019-01-05 16:34:05.790 INFO [localhost-startStop-1]o.s.boot.web.servlet.FilterRegistrationBean.configure:245 -Mapping filter: 'characterEncodingFilter' to: [/*]
2019-01-05 16:34:05.790 INFO [localhost-startStop-1]o.s.boot.web.servlet.FilterRegistrationBean.configure:245 -Mapping filter: 'hiddenHttpMethodFilter' to: [/*]
2019-01-05 16:34:05.790 INFO [localhost-startStop-1]o.s.boot.web.servlet.FilterRegistrationBean.configure:245 -Mapping filter: 'httpPutFormContentFilter' to: [/*]
2019-01-05 16:34:05.790 INFO [localhost-startStop-1]o.s.boot.web.servlet.FilterRegistrationBean.configure:245 -Mapping filter: 'requestContextFilter' to: [/*]
2019-01-05 16:34:11.712 WARN [restartedMain]o.s.b.w.s.c.AnnotationConfigServletWebServerApplicationContext.refresh:558 -Exception encountered during context initialization - cancelling refresh attempt: org.springframework.beans.factory.UnsatisfiedDependencyException: Error creating bean with name 'helloController': Unsatisfied dependency expressed through field 'service'; nested exception is org.springframework.beans.factory.UnsatisfiedDependencyException: Error creating bean with name 'com.coolchatting.autoconfigure.ConfigurationAutoConfig': Unsatisfied dependency expressed through field 'properties'; nested exception is org.springframework.boot.context.properties.ConfigurationPropertiesBindException: Error creating bean with name 'spring.bin.-com.coolchatting.autoconfigure.ConfigurtionProperties': Could not bind properties to 'ConfigurtionProperties' : prefix=spring.bin., ignoreInvalidFields=false, ignoreUnknownFields=true; nested exception is org.springframework.boot.context.properties.source.InvalidConfigurationPropertyNameException: Configuration property name 'spring.bin.' is not valid
2019-01-05 16:34:11.728 INFO [restartedMain]org.apache.catalina.core.StandardService.log:180 -Stopping service [Tomcat]
2019-01-05 16:34:12.119 INFO [restartedMain]o.s.b.a.logging.ConditionEvaluationReportLoggingListener.logAutoConfigurationReport:101 -

Error starting ApplicationContext. To display the conditions report re-run your application with 'debug' enabled.
2019-01-05 16:37:46.025 INFO [restartedMain]c.c.springbootwebchat.SpringbootWebchatApplication.logStarting:50 -Starting SpringbootWebchatApplication on PC-201809081723 with PID 1056 (D:\SpringBoot-WebChat\target\classes started by Administrator in D:\SpringBoot-WebChat)
2019-01-05 16:37:46.025 INFO [restartedMain]c.c.springbootwebchat.SpringbootWebchatApplication.logStartupProfileInfo:680 -No active profile set, falling back to default profiles: default
2019-01-05 16:37:46.353 INFO [restartedMain]o.s.b.w.s.c.AnnotationConfigServletWebServerApplicationContext.prepareRefresh:590 -Refreshing org.springframework.boot.web.servlet.context.AnnotationConfigServletWebServerApplicationContext@41243f78: startup date [Sat Jan 05 16:37:46 CST 2019]; root of context hierarchy
2019-01-05 16:37:49.400 INFO [restartedMain]o.s.boot.web.embedded.tomcat.TomcatWebServer.initialize:91 -Tomcat initialized with port(s): 8085 (http)
2019-01-05 16:37:49.416 INFO [restartedMain]org.apache.coyote.http11.Http11NioProtocol.log:180 -Initializing ProtocolHandler ["http-nio-8085"]
2019-01-05 16:37:49.431 INFO [restartedMain]org.apache.catalina.core.StandardService.log:180 -Starting service [Tomcat]
2019-01-05 16:37:49.431 INFO [restartedMain]org.apache.catalina.core.StandardEngine.log:180 -Starting Servlet Engine: Apache Tomcat/8.5.34
2019-01-05 16:37:49.447 INFO [localhost-startStop-1]org.apache.catalina.core.AprLifecycleListener.log:180 -The APR based Apache Tomcat Native library which allows optimal performance in production environments was not found on the java.library.path: [C:\Program Files\Java\jdk1.8.0_144\jre\bin;C:\Windows\Sun\Java\bin;C:\Windows\system32;C:\Windows;C:\Windows\system32;C:\Windows;C:\Windows\System32\Wbem;C:\Windows\System32\WindowsPowerShell\v1.0\;C:\Program Files\MySQL\MySQL Server 5.5\bin;C:\Program Files\Git\cmd;C:\Users\Administrator\AppData\Local\Microsoft\WindowsApps;C:\Program Files\Java\jdk1.8.0_144\bin;D:\apache-maven-3.3.9\bin;.]
2019-01-05 16:37:49.603 INFO [localhost-startStop-1]o.a.catalina.core.ContainerBase.[Tomcat].[localhost].[/].log:180 -Initializing Spring embedded WebApplicationContext
2019-01-05 16:37:49.603 INFO [localhost-startStop-1]org.springframework.web.context.ContextLoader.prepareWebApplicationContext:285 -Root WebApplicationContext: initialization completed in 3250 ms
2019-01-05 16:37:49.759 INFO [localhost-startStop-1]o.s.boot.web.servlet.ServletRegistrationBean.addRegistration:187 -Servlet dispatcherServlet mapped to [/]
2019-01-05 16:37:49.775 INFO [localhost-startStop-1]o.s.boot.web.servlet.FilterRegistrationBean.configure:245 -Mapping filter: 'characterEncodingFilter' to: [/*]
2019-01-05 16:37:49.775 INFO [localhost-startStop-1]o.s.boot.web.servlet.FilterRegistrationBean.configure:245 -Mapping filter: 'hiddenHttpMethodFilter' to: [/*]
2019-01-05 16:37:49.775 INFO [localhost-startStop-1]o.s.boot.web.servlet.FilterRegistrationBean.configure:245 -Mapping filter: 'httpPutFormContentFilter' to: [/*]
2019-01-05 16:37:49.775 INFO [localhost-startStop-1]o.s.boot.web.servlet.FilterRegistrationBean.configure:245 -Mapping filter: 'requestContextFilter' to: [/*]
2019-01-05 16:37:50.931 INFO [restartedMain]o.s.web.servlet.handler.SimpleUrlHandlerMapping.registerHandler:373 -Mapped URL path [/**/favicon.ico] onto handler of type [class org.springframework.web.servlet.resource.ResourceHttpRequestHandler]
2019-01-05 16:37:51.322 INFO [restartedMain]o.s.w.s.m.method.annotation.RequestMappingHandlerAdapter.initControllerAdviceCache:588 -Looking for @ControllerAdvice: org.springframework.boot.web.servlet.context.AnnotationConfigServletWebServerApplicationContext@41243f78: startup date [Sat Jan 05 16:37:46 CST 2019]; root of context hierarchy
2019-01-05 16:37:51.416 INFO [restartedMain]o.s.w.s.m.method.annotation.RequestMappingHandlerMapping.register:549 -Mapped "{[/admin/videoOrder/update],methods=[PUT]}" onto public com.coolchatting.springbootwebchat.domain.JsonData com.coolchatting.springbootwebchat.controller.admin.AdminController.updateVideoOrder(com.coolchatting.springbootwebchat.domain.VideoOrder)
2019-01-05 16:37:51.416 INFO [restartedMain]o.s.w.s.m.method.annotation.RequestMappingHandlerMapping.register:549 -Mapped "{[/hello],methods=[GET]}" onto public java.lang.String com.coolchatting.springbootwebchat.controller.HelloController.hello()
2019-01-05 16:37:51.416 INFO [restartedMain]o.s.w.s.m.method.annotation.RequestMappingHandlerMapping.register:549 -Mapped "{[/api/video/getAllVideoInfo]}" onto public com.coolchatting.springbootwebchat.domain.JsonData com.coolchatting.springbootwebchat.controller.VideoController.getAllVideoInfo()
2019-01-05 16:37:51.416 INFO [restartedMain]o.s.w.s.m.method.annotation.RequestMappingHandlerMapping.register:549 -Mapped "{[/user/api/videoOrder/saveOrderInfo]}" onto public void com.coolchatting.springbootwebchat.controller.VideoOrderInfoController.saveOrderInfo(java.lang.Integer,javax.servlet.http.HttpServletRequest,javax.servlet.http.HttpServletResponse)
2019-01-05 16:37:51.416 INFO [restartedMain]o.s.w.s.m.method.annotation.RequestMappingHandlerMapping.register:549 -Mapped "{[/user/api/videoOrder/page]}" onto public com.coolchatting.springbootwebchat.domain.JsonData com.coolchatting.springbootwebchat.controller.VideoOrderInfoController.getVideoInfo(int,int)
2019-01-05 16:37:51.416 INFO [restartedMain]o.s.w.s.m.method.annotation.RequestMappingHandlerMapping.register:549 -Mapped "{[/api/webchat/getWebChatUrl]}" onto public com.coolchatting.springbootwebchat.domain.JsonData com.coolchatting.springbootwebchat.controller.WebChatController.getWebChatUrl(java.lang.String) throws java.io.UnsupportedEncodingException
2019-01-05 16:37:51.431 INFO [restartedMain]o.s.w.s.m.method.annotation.RequestMappingHandlerMapping.register:549 -Mapped "{[/api/webchat/saveWebchatUserInfo],methods=[GET]}" onto public void com.coolchatting.springbootwebchat.controller.WebChatController.saveWebchatUserInfo(java.lang.String,java.lang.String,javax.servlet.http.HttpServletResponse)
2019-01-05 16:37:51.431 INFO [restartedMain]o.s.w.s.m.method.annotation.RequestMappingHandlerMapping.register:549 -Mapped "{[/error]}" onto public org.springframework.http.ResponseEntity<java.util.Map<java.lang.String, java.lang.Object>> org.springframework.boot.autoconfigure.web.servlet.error.BasicErrorController.error(javax.servlet.http.HttpServletRequest)
2019-01-05 16:37:51.431 INFO [restartedMain]o.s.w.s.m.method.annotation.RequestMappingHandlerMapping.register:549 -Mapped "{[/error],produces=[text/html]}" onto public org.springframework.web.servlet.ModelAndView org.springframework.boot.autoconfigure.web.servlet.error.BasicErrorController.errorHtml(javax.servlet.http.HttpServletRequest,javax.servlet.http.HttpServletResponse)
2019-01-05 16:37:51.478 INFO [restartedMain]o.s.web.servlet.handler.SimpleUrlHandlerMapping.registerHandler:373 -Mapped URL path [/webjars/**] onto handler of type [class org.springframework.web.servlet.resource.ResourceHttpRequestHandler]
2019-01-05 16:37:51.478 INFO [restartedMain]o.s.web.servlet.handler.SimpleUrlHandlerMapping.registerHandler:373 -Mapped URL path [/**] onto handler of type [class org.springframework.web.servlet.resource.ResourceHttpRequestHandler]
2019-01-05 16:37:51.494 INFO [restartedMain]o.s.w.s.m.m.annotation.ExceptionHandlerExceptionResolver.initExceptionHandlerAdviceCache:288 -Detected @ExceptionHandler methods in globalExeceptionHandler
2019-01-05 16:37:51.978 INFO [restartedMain]o.s.boot.devtools.autoconfigure.OptionalLiveReloadServer.startServer:57 -LiveReload server is running on port 35729
2019-01-05 16:37:52.056 INFO [restartedMain]o.s.jmx.export.annotation.AnnotationMBeanExporter.afterSingletonsInstantiated:433 -Registering beans for JMX exposure on startup
2019-01-05 16:37:52.056 INFO [restartedMain]o.s.jmx.export.annotation.AnnotationMBeanExporter.autodetect:895 -Bean with name 'druidDataSource' has been autodetected for JMX exposure
2019-01-05 16:37:52.072 INFO [restartedMain]o.s.jmx.export.annotation.AnnotationMBeanExporter.registerBeanInstance:668 -Located MBean 'druidDataSource': registering with JMX server as MBean [com.alibaba.druid.pool:name=druidDataSource,type=DruidDataSource]
2019-01-05 16:37:52.103 INFO [restartedMain]org.apache.coyote.http11.Http11NioProtocol.log:180 -Starting ProtocolHandler ["http-nio-8085"]
2019-01-05 16:37:52.119 INFO [restartedMain]org.apache.tomcat.util.net.NioSelectorPool.log:180 -Using a shared selector for servlet write/read
2019-01-05 16:37:52.134 INFO [restartedMain]o.s.boot.web.embedded.tomcat.TomcatWebServer.start:206 -Tomcat started on port(s): 8085 (http) with context path ''
2019-01-05 16:37:52.150 INFO [restartedMain]c.c.springbootwebchat.SpringbootWebchatApplication.logStarted:59 -Started SpringbootWebchatApplication in 7.172 seconds (JVM running for 8.84)
2019-01-05 16:39:34.660 INFO [http-nio-8085-exec-1]o.a.catalina.core.ContainerBase.[Tomcat].[localhost].[/].log:180 -Initializing Spring FrameworkServlet 'dispatcherServlet'
2019-01-05 16:39:34.660 INFO [http-nio-8085-exec-1]org.springframework.web.servlet.DispatcherServlet.initServletBean:494 -FrameworkServlet 'dispatcherServlet': initialization started
2019-01-05 16:39:34.754 INFO [http-nio-8085-exec-1]org.springframework.web.servlet.DispatcherServlet.initServletBean:509 -FrameworkServlet 'dispatcherServlet': initialization completed in 94 ms
2019-01-05 16:57:30.720 INFO [restartedMain]c.c.springbootwebchat.SpringbootWebchatApplication.logStarting:50 -Starting SpringbootWebchatApplication on PC-201809081723 with PID 6876 (D:\SpringBoot-WebChat\target\classes started by Administrator in D:\SpringBoot-WebChat)
2019-01-05 16:57:30.720 INFO [restartedMain]c.c.springbootwebchat.SpringbootWebchatApplication.logStartupProfileInfo:680 -No active profile set, falling back to default profiles: default
2019-01-05 16:57:31.017 INFO [restartedMain]o.s.b.w.s.c.AnnotationConfigServletWebServerApplicationContext.prepareRefresh:590 -Refreshing org.springframework.boot.web.servlet.context.AnnotationConfigServletWebServerApplicationContext@671b4430: startup date [Sat Jan 05 16:57:31 CST 2019]; root of context hierarchy
2019-01-05 16:57:34.361 INFO [restartedMain]o.s.boot.web.embedded.tomcat.TomcatWebServer.initialize:91 -Tomcat initialized with port(s): 8085 (http)
2019-01-05 16:57:34.392 INFO [restartedMain]org.apache.coyote.http11.Http11NioProtocol.log:180 -Initializing ProtocolHandler ["http-nio-8085"]
2019-01-05 16:57:34.423 INFO [restartedMain]org.apache.catalina.core.StandardService.log:180 -Starting service [Tomcat]
2019-01-05 16:57:34.423 INFO [restartedMain]org.apache.catalina.core.StandardEngine.log:180 -Starting Servlet Engine: Apache Tomcat/8.5.34
2019-01-05 16:57:34.423 INFO [localhost-startStop-1]org.apache.catalina.core.AprLifecycleListener.log:180 -The APR based Apache Tomcat Native library which allows optimal performance in production environments was not found on the java.library.path: [C:\Program Files\Java\jdk1.8.0_144\jre\bin;C:\Windows\Sun\Java\bin;C:\Windows\system32;C:\Windows;C:\Windows\system32;C:\Windows;C:\Windows\System32\Wbem;C:\Windows\System32\WindowsPowerShell\v1.0\;C:\Program Files\MySQL\MySQL Server 5.5\bin;C:\Program Files\Git\cmd;C:\Users\Administrator\AppData\Local\Microsoft\WindowsApps;C:\Program Files\Java\jdk1.8.0_144\bin;D:\apache-maven-3.3.9\bin;.]
2019-01-05 16:57:34.611 INFO [localhost-startStop-1]o.a.catalina.core.ContainerBase.[Tomcat].[localhost].[/].log:180 -Initializing Spring embedded WebApplicationContext
2019-01-05 16:57:34.611 INFO [localhost-startStop-1]org.springframework.web.context.ContextLoader.prepareWebApplicationContext:285 -Root WebApplicationContext: initialization completed in 3594 ms
2019-01-05 16:57:34.751 INFO [localhost-startStop-1]o.s.boot.web.servlet.ServletRegistrationBean.addRegistration:187 -Servlet dispatcherServlet mapped to [/]
2019-01-05 16:57:34.751 INFO [localhost-startStop-1]o.s.boot.web.servlet.FilterRegistrationBean.configure:245 -Mapping filter: 'characterEncodingFilter' to: [/*]
2019-01-05 16:57:34.751 INFO [localhost-startStop-1]o.s.boot.web.servlet.FilterRegistrationBean.configure:245 -Mapping filter: 'hiddenHttpMethodFilter' to: [/*]
2019-01-05 16:57:34.751 INFO [localhost-startStop-1]o.s.boot.web.servlet.FilterRegistrationBean.configure:245 -Mapping filter: 'httpPutFormContentFilter' to: [/*]
2019-01-05 16:57:34.751 INFO [localhost-startStop-1]o.s.boot.web.servlet.FilterRegistrationBean.configure:245 -Mapping filter: 'requestContextFilter' to: [/*]
2019-01-05 16:57:35.595 WARN [restartedMain]o.s.b.w.s.c.AnnotationConfigServletWebServerApplicationContext.refresh:558 -Exception encountered during context initialization - cancelling refresh attempt: org.springframework.beans.factory.UnsatisfiedDependencyException: Error creating bean with name 'helloController': Unsatisfied dependency expressed through field 'service'; nested exception is org.springframework.beans.factory.NoSuchBeanDefinitionException: No qualifying bean of type 'com.coolchatting.autoconfigure.HelloService' available: expected at least 1 bean which qualifies as autowire candidate. Dependency annotations: {@org.springframework.beans.factory.annotation.Autowired(required=true)}
2019-01-05 16:57:35.595 INFO [restartedMain]org.apache.catalina.core.StandardService.log:180 -Stopping service [Tomcat]
2019-01-05 16:57:35.751 INFO [restartedMain]o.s.b.a.logging.ConditionEvaluationReportLoggingListener.logAutoConfigurationReport:101 -

Error starting ApplicationContext. To display the conditions report re-run your application with 'debug' enabled.
